C:\Users\User\Documents\Image-Line\FL Studio\Support\Logs\Notifications\Notifications 2026-03-21_042429.log
---
21/03/2026 04:02:55 Solid State Logic 360 UF8/UF1
A controller's script has been updated
---
21/03/2026 04:02:51 Novation
A controller's script has been updated
---
21/03/2026 04:02:45 NI Komplete Kontrol
A controller's script has been updated
---
21/03/2026 04:02:38 M-VAVE SMK-37 ELITE
A controller's script has been updated
---
21/03/2026 04:02:36 MCU
A controller's script has been updated
---
21/03/2026 04:02:32 KORG Keystage
A controller's script has been updated
---
21/03/2026 04:02:28 Arturia MiniLab MKII
A controller's script has been updated
---
21/03/2026 04:01:55 Arturia MiniLab 3
A controller's script has been updated
---
21/03/2026 04:01:51 Arturia KeyLab MKII
A controller's script has been updated
---
21/03/2026 04:01:46 Language support update
Update for language: 25.1.0 has been downloaded
---
21/03/2026 04:01:25 Arturia KeyLab mk3
A controller's script has been updated
---
21/03/2026 04:01:18 Arturia KeyLab Essential mk3
A controller's script has been updated
---
21/03/2026 04:01:16 Arturia KeyLab Essential
A controller's script has been updated
---
21/03/2026 04:01:16 Language support update
Update for language: 24.2.1 has been downloaded
---
21/03/2026 04:01:05 Language support update
Update for language: 24.2 has been downloaded
---
21/03/2026 04:01:00 Downloading an update for FL Studio...
You will be notified when the download has finished
---
